INFO  [alembic.runtime.migration] Context impl PostgresqlImpl.
INFO  [alembic.runtime.migration] Will assume transactional DDL.
INFO  [alembic.runtime.migration] Running upgrade  -> 001_initial_schema, initial_schema
INFO  [alembic.runtime.migration] Running upgrade 001_initial_schema -> 002_add_embedding_column
Traceback (most recent call last):
  File "/usr/local/lib/python3.11/site-packages/sqlalchemy/engine/base.py", line 1967, in _exec_single_context
    self.dialect.do_execute(
  File "/usr/local/lib/python3.11/site-packages/sqlalchemy/engine/default.py", line 952, in do_execute
    cursor.execute(statement, parameters)
psycopg2.errors.FeatureNotSupported: extension "vector" is not available
DETAIL:  Could not open extension control file "/usr/local/share/postgresql/extension/vector.control": No such file or directory.
HINT:  The extension must first be installed on the system where PostgreSQL is running.


The above exception was the direct cause of the following exception:

Traceback (most recent call last):
  File "/usr/local/bin/alembic", line 8, in <module>
    sys.exit(main())
             ^^^^^^
  File "/usr/local/lib/python3.11/site-packages/alembic/config.py", line 1033, in main
    CommandLine(prog=prog).main(argv=argv)
  File "/usr/local/lib/python3.11/site-packages/alembic/config.py", line 1023, in main
    self.run_cmd(cfg, options)
  File "/usr/local/lib/python3.11/site-packages/alembic/config.py", line 957, in run_cmd
    fn(
  File "/usr/local/lib/python3.11/site-packages/alembic/command.py", line 483, in upgrade
    script.run_env()
  File "/usr/local/lib/python3.11/site-packages/alembic/script/base.py", line 545, in run_env
    util.load_python_file(self.dir, "env.py")
  File "/usr/local/lib/python3.11/site-packages/alembic/util/pyfiles.py", line 116, in load_python_file
    module = load_module_py(module_id, path)
             ^^^^^^^^^^^^^^^^^^^^^^^^^^^^^^^
  File "/usr/local/lib/python3.11/site-packages/alembic/util/pyfiles.py", line 136, in load_module_py
    spec.loader.exec_module(module)  # type: ignore
    ^^^^^^^^^^^^^^^^^^^^^^^^^^^^^^^
  File "<frozen importlib._bootstrap_external>", line 940, in exec_module
  File "<frozen importlib._bootstrap>", line 241, in _call_with_frames_removed
  File "/app/alembic/env.py", line 78, in <module>
    run_migrations_online()
  File "/app/alembic/env.py", line 72, in run_migrations_online
    context.run_migrations()
  File "<string>", line 8, in run_migrations
  File "/usr/local/lib/python3.11/site-packages/alembic/runtime/environment.py", line 946, in run_migrations
    self.get_context().run_migrations(**kw)
  File "/usr/local/lib/python3.11/site-packages/alembic/runtime/migration.py", line 627, in run_migrations
    step.migration_fn(**kw)
  File "/app/alembic/versions/002_add_embedding_column.py", line 15, in upgrade
    op.execute("CREATE EXTENSION IF NOT EXISTS vector")
  File "<string>", line 8, in execute
  File "<string>", line 3, in execute
  File "/usr/local/lib/python3.11/site-packages/alembic/operations/ops.py", line 2591, in execute
    return operations.invoke(op)
           ^^^^^^^^^^^^^^^^^^^^^
  File "/usr/local/lib/python3.11/site-packages/alembic/operations/base.py", line 454, in invoke
    return fn(self, operation)
           ^^^^^^^^^^^^^^^^^^^
  File "/usr/local/lib/python3.11/site-packages/alembic/operations/toimpl.py", line 240, in execute_sql
    operations.migration_context.impl.execute(
  File "/usr/local/lib/python3.11/site-packages/alembic/ddl/impl.py", line 253, in execute
    self._exec(sql, execution_options)
  File "/usr/local/lib/python3.11/site-packages/alembic/ddl/impl.py", line 246, in _exec
    return conn.execute(construct, params)
           ^^^^^^^^^^^^^^^^^^^^^^^^^^^^^^^
  File "/usr/local/lib/python3.11/site-packages/sqlalchemy/engine/base.py", line 1419, in execute
    return meth(
           ^^^^^
  File "/usr/local/lib/python3.11/site-packages/sqlalchemy/sql/elements.py", line 527, in _execute_on_connection
    return connection._execute_clauseelement(
           ^^^^^^^^^^^^^^^^^^^^^^^^^^^^^^^^^^
  File "/usr/local/lib/python3.11/site-packages/sqlalchemy/engine/base.py", line 1641, in _execute_clauseelement
    ret = self._execute_context(
          ^^^^^^^^^^^^^^^^^^^^^^
  File "/usr/local/lib/python3.11/site-packages/sqlalchemy/engine/base.py", line 1846, in _execute_context
    return self._exec_single_context(
           ^^^^^^^^^^^^^^^^^^^^^^^^^^
  File "/usr/local/lib/python3.11/site-packages/sqlalchemy/engine/base.py", line 1986, in _exec_single_context
    self._handle_dbapi_exception(
  File "/usr/local/lib/python3.11/site-packages/sqlalchemy/engine/base.py", line 2363, in _handle_dbapi_exception
    raise sqlalchemy_exception.with_traceback(exc_info[2]) from e
  File "/usr/local/lib/python3.11/site-packages/sqlalchemy/engine/base.py", line 1967, in _exec_single_context
    self.dialect.do_execute(
  File "/usr/local/lib/python3.11/site-packages/sqlalchemy/engine/default.py", line 952, in do_execute
    cursor.execute(statement, parameters)
sqlalchemy.exc.NotSupportedError: (psycopg2.errors.FeatureNotSupported) extension "vector" is not available
DETAIL:  Could not open extension control file "/usr/local/share/postgresql/extension/vector.control": No such file or directory.
HINT:  The extension must first be installed on the system where PostgreSQL is running.

[SQL: CREATE EXTENSION IF NOT EXISTS vector]
(Background on this error at: https://sqlalche.me/e/20/tw8g)
