üöÄ Masal Fabrikasƒ± Backend Test Ba≈ülƒ±yor...
üë§ Kullanƒ±cƒ± olu≈üturuluyor: test_5ef45760@example.com
‚úÖ Kayƒ±t ba≈üarƒ±lƒ±!
üîë Giri≈ü yapƒ±lƒ±yor...
‚ùå Giri≈ü ba≈üarƒ±sƒ±z: 500 - {"success":false,"error":{"code":"INTERNAL_SERVER_ERROR","message":"Unable to serialize unknown type: <class 'sqlalchemy.orm.state.InstanceState'>","details":{},"request_id":"14850e7f-1dbe-4e64-992c-773b5feae9d3","timestamp":"2026-01-04T20:31:35.827105","trace":"Traceback (most recent call last):\n  File \"/usr/local/lib/python3.11/site-packages/anyio/streams/memory.py\", line 98, in receive\n    return self.receive_nowait()\n           ^^^^^^^^^^^^^^^^^^^^^\n  File \"/usr/local/lib/python3.11/site-packages/anyio/streams/memory.py\", line 93, in receive_nowait\n    raise WouldBlock\nanyio.WouldBlock\n\nDuring handling of the above exception, another exception occurred:\n\nTraceback (most recent call last):\n  File \"/usr/local/lib/python3.11/site-packages/starlette/middleware/base.py\", line 78, in call_next\n    message = await recv_stream.receive()\n              ^^^^^^^^^^^^^^^^^^^^^^^^^^^\n  File \"/usr/local/lib/python3.11/site-packages/anyio/streams/memory.py\", line 118, in receive\n    raise EndOfStream\nanyio.EndOfStream\n\nDuring handling of the above exception, another exception occurred:\n\nTraceback (most recent call last):\n  File \"/usr/local/lib/python3.11/site-packages/starlette/middleware/errors.py\", line 162, in __call__\n    await self.app(scope, receive, _send)\n  File \"/usr/local/lib/python3.11/site-packages/starlette/middleware/cors.py\", line 83, in __call__\n    await self.app(scope, receive, send)\n  File \"/usr/local/lib/python3.11/site-packages/starlette/middleware/base.py\", line 108, in __call__\n    response = await self.dispatch_func(request, call_next)\n               ^^^^^^^^^^^^^^^^^^^^^^^^^^^^^^^^^^^^^^^^^^^^\n  File \"/usr/local/lib/python3.11/site-packages/slowapi/middleware.py\", line 136, in dispatch\n    response = await call_next(request)\n               ^^^^^^^^^^^^^^^^^^^^^^^^\n  File \"/usr/local/lib/python3.11/site-packages/starlette/middleware/base.py\", line 84, in call_next\n    raise app_exc\n  File \"/usr/local/lib/python3.11/site-packages/starlette/middleware/base.py\", line 70, in coro\n    await self.app(scope, receive_or_disconnect, send_no_error)\n  File \"/usr/local/lib/python3.11/site-packages/starlette/middleware/base.py\", line 108, in __call__\n    response = await self.dispatch_func(request, call_next)\n               ^^^^^^^^^^^^^^^^^^^^^^^^^^^^^^^^^^^^^^^^^^^^\n  File \"/app/app/core/middleware.py\", line 41, in dispatch\n    response = await call_next(request)\n               ^^^^^^^^^^^^^^^^^^^^^^^^\n  File \"/usr/local/lib/python3.11/site-packages/starlette/middleware/base.py\", line 84, in call_next\n    raise app_exc\n  File \"/usr/local/lib/python3.11/site-packages/starlette/middleware/base.py\", line 70, in coro\n    await self.app(scope, receive_or_disconnect, send_no_error)\n  File \"/usr/local/lib/python3.11/site-packages/starlette/middleware/base.py\", line 108, in __call__\n    response = await self.dispatch_func(request, call_next)\n               ^^^^^^^^^^^^^^^^^^^^^^^^^^^^^^^^^^^^^^^^^^^^\n  File \"/app/app/core/middleware.py\", line 15, in dispatch\n    response = await call_next(request)\n               ^^^^^^^^^^^^^^^^^^^^^^^^\n  File \"/usr/local/lib/python3.11/site-packages/starlette/middleware/base.py\", line 84, in call_next\n    raise app_exc\n  File \"/usr/local/lib/python3.11/site-packages/starlette/middleware/base.py\", line 70, in coro\n    await self.app(scope, receive_or_disconnect, send_no_error)\n  File \"/usr/local/lib/python3.11/site-packages/starlette/middleware/base.py\", line 108, in __call__\n    response = await self.dispatch_func(request, call_next)\n               ^^^^^^^^^^^^^^^^^^^^^^^^^^^^^^^^^^^^^^^^^^^^\n  File \"/app/app/middleware/request_tracking.py\", line 23, in dispatch\n    response = await call_next(request)\n               ^^^^^^^^^^^^^^^^^^^^^^^^\n  File \"/usr/local/lib/python3.11/site-packages/starlette/middleware/base.py\", line 84, in call_next\n    raise app_exc\n  File \"/usr/local/lib/python3.11/site-packages/starlette/middleware/base.py\", line 70, in coro\n    await self.app(scope, receive_or_disconnect, send_no_error)\n  File \"/usr/local/lib/python3.11/site-packages/starlette/middleware/exceptions.py\", line 79, in __call__\n    raise exc\n  File \"/usr/local/lib/python3.11/site-packages/starlette/middleware/exceptions.py\", line 68, in __call__\n    await self.app(scope, receive, sender)\n  File \"/usr/local/lib/python3.11/site-packages/fastapi/middleware/asyncexitstack.py\", line 20, in __call__\n    raise e\n  File \"/usr/local/lib/python3.11/site-packages/fastapi/middleware/asyncexitstack.py\", line 17, in __call__\n    await self.app(scope, receive, send)\n  File \"/usr/local/lib/python3.11/site-packages/starlette/routing.py\", line 718, in __call__\n    await route.handle(scope, receive, send)\n  File \"/usr/local/lib/python3.11/site-packages/starlette/routing.py\", line 276, in handle\n    await self.app(scope, receive, send)\n  File \"/usr/local/lib/python3.11/site-packages/starlette/routing.py\", line 66, in app\n    response = await func(request)\n               ^^^^^^^^^^^^^^^^^^^\n  File \"/usr/local/lib/python3.11/site-packages/fastapi/routing.py\", line 292, in app\n    content = await serialize_response(\n              ^^^^^^^^^^^^^^^^^^^^^^^^^\n  File \"/usr/local/lib/python3.11/site-packages/fastapi/routing.py\", line 160, in serialize_response\n    return field.serialize(\n           ^^^^^^^^^^^^^^^^\n  File \"/usr/local/lib/python3.11/site-packages/fastapi/_compat.py\", line 147, in serialize\n    return self._type_adapter.dump_python(\n           ^^^^^^^^^^^^^^^^^^^^^^^^^^^^^^^\n  File \"/usr/local/lib/python3.11/site-packages/pydantic/type_adapter.py\", line 605, in dump_python\n    return self.serializer.to_python(\n           ^^^^^^^^^^^^^^^^^^^^^^^^^^\npydantic_core._pydantic_core.PydanticSerializationError: Unable to serialize unknown type: <class 'sqlalchemy.orm.state.InstanceState'>\n"}}
